<?xml version="1.0" encoding="UTF-8"?>
<!-- Generated by org.testng.reporters.JUnitXMLReporter -->
<testsuite hostname="ME-L-0040" name="Default test" tests="3" failures="0" timestamp="2 Jun 2020 06:11:26 GMT" time="0.045" errors="0">
  <testcase name="@BeforeTest before_Tests" time="0.0" classname="testcases.SampleTest_002">
    <failure type="helpers.MyException" message="Browser Instance Is Null">
      <![CDATA[helpers.MyException: Browser Instance Is Null
	at base.BasePage.<init>(BasePage.java:37)
	at pages.LoginPage.<init>(LoginPage.java:21)
	at base.Base.before_Tests(Base.java:209)
	at sun.reflect.NativeMethodAccessorImpl.invoke0(Native Method)
	at sun.reflect.NativeMethodAccessorImpl.invoke(NativeMethodAccessorImpl.java:62)
	at sun.reflect.DelegatingMethodAccessorImpl.invoke(DelegatingMethodAccessorImpl.java:43)
	at java.lang.reflect.Method.invoke(Method.java:498)
	at org.testng.internal.MethodInvocationHelper.invokeMethod(MethodInvocationHelper.java:84)
	at org.testng.internal.Invoker.invokeConfigurationMethod(Invoker.java:564)
	at org.testng.internal.Invoker.invokeConfigurations(Invoker.java:213)
	at org.testng.internal.Invoker.invokeConfigurations(Invoker.java:138)
	at org.testng.TestRunner.beforeRun(TestRunner.java:641)
	at org.testng.TestRunner.run(TestRunner.java:609)
	at org.testng.SuiteRunner.runTest(SuiteRunner.java:348)
	at org.testng.SuiteRunner.runSequentially(SuiteRunner.java:343)
	at org.testng.SuiteRunner.privateRun(SuiteRunner.java:305)
	at org.testng.SuiteRunner.run(SuiteRunner.java:254)
	at org.testng.SuiteRunnerWorker.runSuite(SuiteRunnerWorker.java:52)
	at org.testng.SuiteRunnerWorker.run(SuiteRunnerWorker.java:86)
	at org.testng.TestNG.runSuitesSequentially(TestNG.java:1224)
	at org.testng.TestNG.runSuitesLocally(TestNG.java:1149)
	at org.testng.TestNG.run(TestNG.java:1057)
	at org.testng.remote.AbstractRemoteTestNG.run(AbstractRemoteTestNG.java:115)
	at org.testng.remote.RemoteTestNG.initAndRun(RemoteTestNG.java:251)
	at org.testng.remote.RemoteTestNG.main(RemoteTestNG.java:77)
]]>
    </failure>
  </testcase> <!-- @BeforeTest before_Tests -->
  <testcase name="@AfterMethod after_each_test_case" time="0.0" classname="testcases.SampleTest_002">
    <skipped/>
  </testcase> <!-- @AfterMethod after_each_test_case -->
  <testcase name="@AfterMethod after_each_test_case" time="0.0" classname="testcases.SampleTest_002">
    <skipped/>
  </testcase> <!-- @AfterMethod after_each_test_case -->
  <testcase name="@AfterMethod after_each_test_case" time="0.0" classname="testcases.SampleTest_002">
    <skipped/>
  </testcase> <!-- @AfterMethod after_each_test_case -->
  <testcase name="TC_004" time="0.001" classname="testcases.SampleTest_002">
    <skipped/>
  </testcase> <!-- TC_004 -->
  <testcase name="TC_005" time="0.001" classname="testcases.SampleTest_002">
    <skipped/>
  </testcase> <!-- TC_005 -->
  <testcase name="TC_006" time="0.001" classname="testcases.SampleTest_002">
    <skipped/>
  </testcase> <!-- TC_006 -->
</testsuite> <!-- Default test -->
