<?xml version="1.0" encoding="UTF-8"?>
<!-- Generated by org.testng.reporters.JUnitXMLReporter -->
<testsuite hostname="CTLT095" ignored="1" name="Test" tests="6" failures="0" timestamp="2020-01-07T00:20:30 IST" time="0.028" errors="0">
  <testcase name="TC_004" time="0.007" classname="com.htcindia.trracs.testcases.Sample_001"/>
  <testcase name="TC_002" time="0.007" classname="com.htcindia.trracs.testcases.Sample_002"/>
  <testcase name="TC_005" time="0.007" classname="com.htcindia.trracs.testcases.Sample_001"/>
  <testcase name="TC_001" time="0.007" classname="com.htcindia.trracs.testcases.Sample_002"/>
  <testcase name="TC_003" time="0.007" classname="com.htcindia.trracs.testcases.Sample_002"/>
  <testcase name="TC_006" time="0.001" classname="com.htcindia.trracs.testcases.Sample_001"/>
  <testcase name="@BeforeSuite before_test_suite" time="0.0" classname="com.htcindia.trracs.base.BaseTest">
    <ignored/>
  </testcase> <!-- @BeforeSuite before_test_suite -->
</testsuite> <!-- Test -->
