<?xml version="1.0" encoding="UTF-8"?>
<!-- Generated by org.testng.reporters.JUnitXMLReporter -->
<testsuite hostname="CTLT095" ignored="1" name="Sample Tests" tests="4" failures="0" timestamp="2019-12-04T23:26:16 IST" time="0.032" errors="0">
  <testcase name="TC_001" time="0.004" classname="com.htcindia.selenium.docker.testcases.Sample1"/>
  <testcase name="TC_002" time="0.001" classname="com.htcindia.selenium.docker.testcases.Sample1"/>
  <testcase name="TC_003" time="0.001" classname="com.htcindia.selenium.docker.testcases.Sample2"/>
  <testcase name="TC_004" time="0.0" classname="com.htcindia.selenium.docker.testcases.Sample2"/>
  <testcase name="@BeforeSuite before_test_suite" time="0.0" classname="com.htcindia.selenium.docker.testsetup.TestSetUp">
    <ignored/>
  </testcase> <!-- @BeforeSuite before_test_suite -->
</testsuite> <!-- Sample Tests -->
