<?xml version="1.0" encoding="UTF-8"?>
<!-- Generated by org.testng.reporters.JUnitXMLReporter -->
<testsuite hostname="CTLT095" ignored="0" name="Sample Tests 3" tests="8" failures="0" timestamp="2019-12-04T23:40:52 IST" time="0.056" errors="0">
  <testcase name="TC_007" time="0.005" classname="com.htcindia.selenium.docker.testcases.Sample4"/>
  <testcase name="TC_005" time="0.008" classname="com.htcindia.selenium.docker.testcases.Sample3"/>
  <testcase name="TC_008" time="0.002" classname="com.htcindia.selenium.docker.testcases.Sample4"/>
  <testcase name="TC_001" time="0.011" classname="com.htcindia.selenium.docker.testcases.Sample1"/>
  <testcase name="TC_003" time="0.014" classname="com.htcindia.selenium.docker.testcases.Sample2"/>
  <testcase name="TC_006" time="0.006" classname="com.htcindia.selenium.docker.testcases.Sample3"/>
  <testcase name="TC_002" time="0.007" classname="com.htcindia.selenium.docker.testcases.Sample1"/>
  <testcase name="TC_004" time="0.008" classname="com.htcindia.selenium.docker.testcases.Sample2"/>
</testsuite> <!-- Sample Tests 3 -->
