<?xml version="1.0" encoding="UTF-8"?>
<!-- Generated by org.testng.reporters.JUnitXMLReporter -->
<testsuite hostname="CTLT095" ignored="1" name="Import Module" tests="6" failures="0" timestamp="2020-01-08T23:38:08 IST" time="83.939" errors="0">
  <testcase name="TC_004" time="11.32" classname="com.htcindia.trracs.testcases.SampleTest_002"/>
  <testcase name="TC_002" time="11.746" classname="com.htcindia.trracs.testcases.SampleTest_001"/>
  <testcase name="TC_003" time="11.509" classname="com.htcindia.trracs.testcases.SampleTest_001"/>
  <testcase name="TC_001" time="12.761" classname="com.htcindia.trracs.testcases.SampleTest_001"/>
  <testcase name="TC_005" time="13.441" classname="com.htcindia.trracs.testcases.SampleTest_002"/>
  <testcase name="TC_006" time="78.576" classname="com.htcindia.trracs.testcases.SampleTest_002"/>
  <testcase name="@BeforeSuite before_test_suite" time="0.0" classname="com.htcindia.trracs.base.BaseTest">
    <ignored/>
  </testcase> <!-- @BeforeSuite before_test_suite -->
</testsuite> <!-- Import Module -->
