<?xml version="1.0" encoding="UTF-8"?>
<testng-results skipped="0" failed="0" total="1" passed="1">
  <reporter-output>
  </reporter-output>
  <suite name="API" duration-ms="19423" started-at="2020-07-03T06:03:52Z" finished-at="2020-07-03T06:04:12Z">
    <groups>
    </groups>
    <test name="SampleTest" duration-ms="19423" started-at="2020-07-03T06:03:52Z" finished-at="2020-07-03T06:04:12Z">
      <class name="testcases.SampleTest">
        <test-method status="PASS" signature="before_Tests(java.lang.String)[pri:0, instance:testcases.SampleTest@2aa3cd93]" name="before_Tests" is-config="true" duration-ms="11044" started-at="2020-07-03T16:03:52Z" finished-at="2020-07-03T16:04:03Z">
          <params>
            <param index="0">
              <value>
                <![CDATA[Chrome]]>
              </value>
            </param>
          </params>
          <reporter-output>
          </reporter-output>
        </test-method> <!-- before_Tests -->
        <test-method status="PASS" signature="testSample(java.lang.reflect.Method)[pri:0, instance:testcases.SampleTest@2aa3cd93]" name="testSample" duration-ms="8331" started-at="2020-07-03T16:04:03Z" finished-at="2020-07-03T16:04:12Z">
          <params>
            <param index="0">
              <value>
                <![CDATA[public void testcases.SampleTest.testSample(java.lang.reflect.Method) throws java.lang.Exception]]>
              </value>
            </param>
          </params>
          <reporter-output>
          </reporter-output>
        </test-method> <!-- testSample -->
      </class> <!-- testcases.SampleTest -->
    </test> <!-- SampleTest -->
  </suite> <!-- API -->
</testng-results>
