<?xml version="1.0" encoding="UTF-8"?>
<!-- Generated by org.testng.reporters.JUnitXMLReporter -->
<testsuite hostname="IMPC2827" ignored="0" name="Import Module" tests="8" failures="7" timestamp="2020-01-27T11:13:34 IST" time="10.29" errors="0">
  <testcase name="T005_uploadBOEFile" time="2.689" classname="com.htcindia.trracs.testcases.BOEExtensionTest">
    <failure type="java.lang.NullPointerException">
      <![CDATA[java.lang.NullPointerException
at com.htcindia.trracs.testcases.BOEExtensionTest.T005_uploadBOEFile(BOEExtensionTest.java:77)
at java.util.concurrent.ThreadPoolExecutor.runWorker(ThreadPoolExecutor.java:1142)
at java.util.concurrent.ThreadPoolExecutor$Worker.run(ThreadPoolExecutor.java:617)
at java.lang.Thread.run(Thread.java:748)
... Removed 12 stack frames]]>
    </failure>
  </testcase> <!-- T005_uploadBOEFile -->
  <testcase name="T002_checkAutofillToDate" time="3.222" classname="com.htcindia.trracs.testcases.BOEExtensionTest"/>
  <testcase name="T007_ViewBOE" time="3.857" classname="com.htcindia.trracs.testcases.BOEExtensionTest">
    <failure type="java.lang.NullPointerException">
      <![CDATA[java.lang.NullPointerException
at com.htcindia.trracs.testcases.BOEExtensionTest.T007_ViewBOE(BOEExtensionTest.java:108)
at java.util.concurrent.ThreadPoolExecutor.runWorker(ThreadPoolExecutor.java:1142)
at java.util.concurrent.ThreadPoolExecutor$Worker.run(ThreadPoolExecutor.java:617)
at java.lang.Thread.run(Thread.java:748)
... Removed 12 stack frames]]>
    </failure>
  </testcase> <!-- T007_ViewBOE -->
  <testcase name="T004_checkAdCodeAutoDisable" time="4.095" classname="com.htcindia.trracs.testcases.BOEExtensionTest">
    <failure type="java.lang.AssertionError" message="null">
      <![CDATA[java.lang.AssertionError: null
at com.htcindia.trracs.testcases.BOEExtensionTest.T004_checkAdCodeAutoDisable(BOEExtensionTest.java:64)
at java.util.concurrent.ThreadPoolExecutor.runWorker(ThreadPoolExecutor.java:1142)
at java.util.concurrent.ThreadPoolExecutor$Worker.run(ThreadPoolExecutor.java:617)
at java.lang.Thread.run(Thread.java:748)
... Removed 13 stack frames]]>
    </failure>
  </testcase> <!-- T004_checkAdCodeAutoDisable -->
  <testcase name="T003_searchByBOEnumber" time="4.176" classname="com.htcindia.trracs.testcases.BOEExtensionTest">
    <failure type="java.lang.NullPointerException">
      <![CDATA[java.lang.NullPointerException
at com.htcindia.trracs.testcases.BOEExtensionTest.T003_searchByBOEnumber(BOEExtensionTest.java:53)
at java.util.concurrent.ThreadPoolExecutor.runWorker(ThreadPoolExecutor.java:1142)
at java.util.concurrent.ThreadPoolExecutor$Worker.run(ThreadPoolExecutor.java:617)
at java.lang.Thread.run(Thread.java:748)
... Removed 12 stack frames]]>
    </failure>
  </testcase> <!-- T003_searchByBOEnumber -->
  <testcase name="T006_DownloadCSVFile" time="4.716" classname="com.htcindia.trracs.testcases.BOEExtensionTest">
    <failure type="java.lang.AssertionError" message="null">
      <![CDATA[java.lang.AssertionError: null
at com.htcindia.trracs.testcases.BOEExtensionTest.T006_DownloadCSVFile(BOEExtensionTest.java:90)
at java.util.concurrent.ThreadPoolExecutor.runWorker(ThreadPoolExecutor.java:1142)
at java.util.concurrent.ThreadPoolExecutor$Worker.run(ThreadPoolExecutor.java:617)
at java.lang.Thread.run(Thread.java:748)
... Removed 13 stack frames]]>
    </failure>
  </testcase> <!-- T006_DownloadCSVFile -->
  <testcase name="T008_RaiseBOEExtension" time="1.342" classname="com.htcindia.trracs.testcases.BOEExtensionTest">
    <failure type="java.lang.AssertionError" message="null">
      <![CDATA[java.lang.AssertionError: null
at com.htcindia.trracs.testcases.BOEExtensionTest.T008_RaiseBOEExtension(BOEExtensionTest.java:124)
at java.util.concurrent.ThreadPoolExecutor.runWorker(ThreadPoolExecutor.java:1142)
at java.util.concurrent.ThreadPoolExecutor$Worker.run(ThreadPoolExecutor.java:617)
at java.lang.Thread.run(Thread.java:748)
... Removed 13 stack frames]]>
    </failure>
  </testcase> <!-- T008_RaiseBOEExtension -->
  <testcase name="T009_cancelBOEExtension" time="1.464" classname="com.htcindia.trracs.testcases.BOEExtensionTest">
    <failure type="java.lang.AssertionError" message="null">
      <![CDATA[java.lang.AssertionError: null
at com.htcindia.trracs.testcases.BOEExtensionTest.T009_cancelBOEExtension(BOEExtensionTest.java:142)
at java.util.concurrent.ThreadPoolExecutor.runWorker(ThreadPoolExecutor.java:1142)
at java.util.concurrent.ThreadPoolExecutor$Worker.run(ThreadPoolExecutor.java:617)
at java.lang.Thread.run(Thread.java:748)
... Removed 13 stack frames]]>
    </failure>
  </testcase> <!-- T009_cancelBOEExtension -->
</testsuite> <!-- Import Module -->
